<?xml version="1.0" encoding="UTF-8"?><testrun name="TestRunner" project="E2E-testing" tests="5" started="5" failures="0" errors="1" ignored="0">
  <testsuite name="Login" time="42.367" uniqueid="[engine:cucumber]/[feature:classpath%3Acom%2Frevature%2Ffeature%2Flogin.feature]">
    <testcase name="Invalid password, valid username " classname="negative test" time="6.171" uniqueid="[engine:cucumber]/[feature:classpath%3Acom%2Frevature%2Ffeature%2Flogin.feature]/[scenario:5]"/>
    <testcase name="Invalid password, invalid username " classname="negative test" time="4.364" uniqueid="[engine:cucumber]/[feature:classpath%3Acom%2Frevature%2Ffeature%2Flogin.feature]/[scenario:12]"/>
    <testcase name="Valid password, invalid username " classname="negative test" time="6.009" uniqueid="[engine:cucumber]/[feature:classpath%3Acom%2Frevature%2Ffeature%2Flogin.feature]/[scenario:19]"/>
    <testsuite name="Successful employee login" time="22.14" uniqueid="[engine:cucumber]/[feature:classpath%3Acom%2Frevature%2Ffeature%2Flogin.feature]/[scenario:30]">
      <testsuite name="Examples" time="22.14" uniqueid="[engine:cucumber]/[feature:classpath%3Acom%2Frevature%2Ffeature%2Flogin.feature]/[scenario:30]/[examples:37]">
        <testcase name="Example #1" classname="Example #1" time="22.14" uniqueid="[engine:cucumber]/[feature:classpath%3Acom%2Frevature%2Ffeature%2Flogin.feature]/[scenario:30]/[examples:37]/[example:39]">
          <error>org.openqa.selenium.WebDriverException: chrome not reachable
  (Session info: chrome=96.0.4664.93)
Build info: version: '4.1.0', revision: '87802e897b'
System info: host: 'TANVEER-SINGH', ip: '192.168.141.1', os.name: 'Windows 10', os.arch: 'amd64', os.version: '10.0', java.version: '16.0.2'
Driver info: org.openqa.selenium.chrome.ChromeDriver
Command: [f37f14dc84d649385bf72a0a112c2aa7, findElement {using=xpath, value=//body/nav[@id='mySidebar']/div[1]/h3[1]//body/h1[1]}]
Capabilities {acceptInsecureCerts: false, browserName: chrome, browserVersion: 96.0.4664.93, chrome: {chromedriverVersion: 96.0.4664.45 (76e4c1bb2ab46..., userDataDir: C:\Users\singh\AppData\Loca...}, goog:chromeOptions: {debuggerAddress: localhost:50829}, javascriptEnabled: true, networkConnectionEnabled: false, pageLoadStrategy: normal, platform: WINDOWS, platformName: WINDOWS, proxy: Proxy(), se:cdp: ws://localhost:50829/devtoo..., se:cdpVersion: 96.0.4664.93, setWindowRect: true, strictFileInteractability: false, timeouts: {implicit: 0, pageLoad: 300000, script: 30000}, unhandledPromptBehavior: dismiss and notify, webauthn:extension:credBlob: true, webauthn:extension:largeBlob: true, webauthn:virtualAuthenticators: true}
Session ID: f37f14dc84d649385bf72a0a112c2aa7&#13;
	at java.base/jdk.internal.reflect.NativeConstructorAccessorImpl.newInstance0(Native Method)&#13;
	at java.base/jdk.internal.reflect.NativeConstructorAccessorImpl.newInstance(NativeConstructorAccessorImpl.java:78)&#13;
	at java.base/jdk.internal.reflect.DelegatingConstructorAccessorImpl.newInstance(DelegatingConstructorAccessorImpl.java:45)&#13;
	at java.base/java.lang.reflect.Constructor.newInstanceWithCaller(Constructor.java:499)&#13;
	at java.base/java.lang.reflect.Constructor.newInstance(Constructor.java:480)&#13;
	at org.openqa.selenium.remote.codec.w3c.W3CHttpResponseCodec.createException(W3CHttpResponseCodec.java:200)&#13;
	at org.openqa.selenium.remote.codec.w3c.W3CHttpResponseCodec.decode(W3CHttpResponseCodec.java:133)&#13;
	at org.openqa.selenium.remote.codec.w3c.W3CHttpResponseCodec.decode(W3CHttpResponseCodec.java:53)&#13;
	at org.openqa.selenium.remote.HttpCommandExecutor.execute(HttpCommandExecutor.java:184)&#13;
	at org.openqa.selenium.remote.service.DriverCommandExecutor.invokeExecute(DriverCommandExecutor.java:164)&#13;
	at org.openqa.selenium.remote.service.DriverCommandExecutor.execute(DriverCommandExecutor.java:139)&#13;
	at org.openqa.selenium.remote.RemoteWebDriver.execute(RemoteWebDriver.java:559)&#13;
	at org.openqa.selenium.remote.ElementLocation$ElementFinder$2.findElement(ElementLocation.java:162)&#13;
	at org.openqa.selenium.remote.ElementLocation.findElement(ElementLocation.java:60)&#13;
	at org.openqa.selenium.remote.RemoteWebDriver.findElement(RemoteWebDriver.java:383)&#13;
	at org.openqa.selenium.remote.RemoteWebDriver.findElement(RemoteWebDriver.java:375)&#13;
	at org.openqa.selenium.support.pagefactory.DefaultElementLocator.findElement(DefaultElementLocator.java:70)&#13;
	at org.openqa.selenium.support.pagefactory.internal.LocatingElementHandler.invoke(LocatingElementHandler.java:39)&#13;
	at jdk.proxy2/jdk.proxy2.$Proxy17.isDisplayed(Unknown Source)&#13;
	at org.openqa.selenium.support.ui.ExpectedConditions.elementIfVisible(ExpectedConditions.java:307)&#13;
	at org.openqa.selenium.support.ui.ExpectedConditions.access$000(ExpectedConditions.java:40)&#13;
	at org.openqa.selenium.support.ui.ExpectedConditions$10.apply(ExpectedConditions.java:293)&#13;
	at org.openqa.selenium.support.ui.ExpectedConditions$10.apply(ExpectedConditions.java:290)&#13;
	at org.openqa.selenium.support.ui.FluentWait.until(FluentWait.java:208)&#13;
	at com.revature.page.EmployeePage.getWelcomeHeading(EmployeePage.java:29)&#13;
	at com.revature.gluecode.LoginTest.i_should_be_redirected_to_the_employee_homepage(LoginTest.java:62)&#13;
	at âœ½.I should be redirected to the employee homepage(classpath:com/revature/feature/login.feature:35)&#13;
&#13;
</error>
        </testcase>
      </testsuite>
    </testsuite>
    <testsuite name="Successful manager login" time="3.679" uniqueid="[engine:cucumber]/[feature:classpath%3Acom%2Frevature%2Ffeature%2Flogin.feature]/[scenario:42]">
      <testsuite name="Examples" time="3.679" uniqueid="[engine:cucumber]/[feature:classpath%3Acom%2Frevature%2Ffeature%2Flogin.feature]/[scenario:42]/[examples:49]">
        <testcase name="Example #1" classname="Example #1" time="3.679" uniqueid="[engine:cucumber]/[feature:classpath%3Acom%2Frevature%2Ffeature%2Flogin.feature]/[scenario:42]/[examples:49]/[example:51]"/>
      </testsuite>
    </testsuite>
  </testsuite>
</testrun>
